<?xml version="1.0" encoding="UTF-8" ?>
<testsuite tests="1" failures="0" name="SeleniumTest" time="2.896" errors="0" skipped="0">
  <properties>
    <property name="jansi.mode" value="force"/>
    <property name="java.runtime.name" value="OpenJDK Runtime Environment"/>
    <property name="java.vm.version" value="17.0.4.1+1"/>
    <property name="sun.boot.library.path" value="C:\Users\harin\.p2\pool\plugins\org.eclipse.justj.openjdk.hotspot.jre.full.win32.x86_64_17.0.4.v20220903-1038\jre\bin"/>
    <property name="maven.multiModuleProjectDirectory" value="C:\Users\harin\OneDrive\Desktop\Selenium_Java_Test_OnlineShoePortal"/>
    <property name="java.vm.vendor" value="Eclipse Adoptium"/>
    <property name="java.vendor.url" value="https://adoptium.net/"/>
    <property name="guice.disable.misplaced.annotation.check" value="true"/>
    <property name="path.separator" value=";"/>
    <property name="java.vm.name" value="OpenJDK 64-Bit Server VM"/>
    <property name="sun.os.patch.level" value=""/>
    <property name="user.script" value=""/>
    <property name="user.country" value="IN"/>
    <property name="sun.java.launcher" value="SUN_STANDARD"/>
    <property name="java.vm.specification.name" value="Java Virtual Machine Specification"/>
    <property name="user.dir" value="C:\Users\harin\OneDrive\Desktop\Selenium_Java_Test_OnlineShoePortal"/>
    <property name="java.vm.compressedOopsMode" value="Zero based"/>
    <property name="java.runtime.version" value="17.0.4.1+1"/>
    <property name="os.arch" value="amd64"/>
    <property name="java.io.tmpdir" value="C:\Users\harin\AppData\Local\Temp\"/>
    <property name="line.separator" value="
"/>
    <property name="java.vm.specification.vendor" value="Oracle Corporation"/>
    <property name="user.variant" value=""/>
    <property name="os.name" value="Windows 11"/>
    <property name="classworlds.conf" value="C:\Users\harin\eclipse-workspace\.metadata\.plugins\org.eclipse.m2e.launching\launches\m2conf5703921407296261619.tmp"/>
    <property name="sun.jnu.encoding" value="Cp1252"/>
    <property name="java.library.path" value="C:\Users\harin\.p2\pool\plugins\org.eclipse.justj.openjdk.hotspot.jre.full.win32.x86_64_17.0.4.v20220903-1038\jre\bin;C:\WINDOWS\Sun\Java\bin;C:\WINDOWS\system32;C:\WINDOWS;C:/Users/harin/.p2/pool/plugins/org.eclipse.justj.openjdk.hotspot.jre.full.win32.x86_64_17.0.4.v20220903-1038/jre/bin/server;C:/Users/harin/.p2/pool/plugins/org.eclipse.justj.openjdk.hotspot.jre.full.win32.x86_64_17.0.4.v20220903-1038/jre/bin;C:\Program Files\Common Files\Oracle\Java\javapath;C:\WINDOWS\system32;C:\WINDOWS;C:\WINDOWS\System32\Wbem;C:\WINDOWS\System32\WindowsPowerShell\v1.0\;C:\WINDOWS\System32\OpenSSH\;C:\Program Files\nodejs\;C:\Program Files\Maven\apache-maven-3.9.0\bin;C:\Program Files\Maven\apache-maven-3.9.0\bin;C:\Program Files\mongosh-1.8.0-win32-x64\bin;C:\Program Files\Java\jdk-11.0.17\bin;C:\Program Files\Common Files\Oracle\Java\javapath;C:\Program Files\MongoDB\Server\6.0\bin;C:\Program Files\Git\cmd;C:\Users\harin\AppData\Local\Programs\Python\Python312\Scripts\;C:\Users\harin\AppData\Local\Programs\Python\Python312\;C:\Program Files\MySQL\MySQL Shell 8.0\bin\;C:\Users\harin\AppData\Local\Programs\Eclipse Adoptium\jdk-17.0.5.8-hotspot\bin;C:\Users\harin\AppData\Local\Microsoft\WindowsApps;C:\Program Files\jdk-19;C:\Users\harin\AppData\Roaming\npm;C:\Program Files\JetBrains\IntelliJ IDEA Community Edition 2022.3.2\bin;;C:\Users\harin\AppData\Local\Programs\Microsoft VS Code\bin;C:\Users\harin\Downloads\apache-maven-3.9.8-bin\apache-maven-3.9.8\bin;;C:\Users\harin\eclipse\java-2022-09\eclipse;;."/>
    <property name="jdk.debug" value="release"/>
    <property name="java.class.version" value="61.0"/>
    <property name="java.specification.name" value="Java Platform API Specification"/>
    <property name="sun.management.compiler" value="HotSpot 64-Bit Tiered Compilers"/>
    <property name="os.version" value="10.0"/>
    <property name="user.home" value="C:\Users\harin"/>
    <property name="user.timezone" value="Asia/Calcutta"/>
    <property name="file.encoding" value="UTF-8"/>
    <property name="java.specification.version" value="17"/>
    <property name="user.name" value="harin"/>
    <property name="java.class.path" value="C:\Users\harin\.p2\pool\plugins\org.eclipse.m2e.maven.runtime_3.8.601.20220820-1147\jars\plexus-classworlds-2.6.0.jar"/>
    <property name="java.vm.specification.version" value="17"/>
    <property name="sun.arch.data.model" value="64"/>
    <property name="sun.java.command" value="org.codehaus.plexus.classworlds.launcher.Launcher -B -Dstyle.color=always clean install"/>
    <property name="java.home" value="C:\Users\harin\.p2\pool\plugins\org.eclipse.justj.openjdk.hotspot.jre.full.win32.x86_64_17.0.4.v20220903-1038\jre"/>
    <property name="user.language" value="en"/>
    <property name="java.specification.vendor" value="Oracle Corporation"/>
    <property name="java.vm.info" value="mixed mode"/>
    <property name="java.version" value="17.0.4.1"/>
    <property name="native.encoding" value="Cp1252"/>
    <property name="java.vendor" value="Eclipse Adoptium"/>
    <property name="maven.home" value="C:\Users\harin\OneDrive\Desktop\Selenium_Java_Test_OnlineShoePortal\EMBEDDED"/>
    <property name="style.color" value="always"/>
    <property name="file.separator" value="\"/>
    <property name="java.version.date" value="2022-08-12"/>
    <property name="java.vendor.url.bug" value="https://github.com/adoptium/adoptium-support/issues"/>
    <property name="sun.io.unicode.encoding" value="UnicodeLittle"/>
    <property name="sun.cpu.endian" value="little"/>
    <property name="java.vendor.version" value="Temurin-17.0.4.1+1"/>
    <property name="sun.cpu.isalist" value="amd64"/>
  </properties>
  <testcase classname="SeleniumTest" name="teststeps" time="2.896"/>
</testsuite>