<?xml version="1.0" encoding="UTF-8"?>
<!-- Generated by org.testng.reporters.JUnitReportReporter -->
<testsuite hostname="harinani" failures="0" tests="1" name="SeleniumTest" time="2.880" errors="0" timestamp="2024-07-20T22:08:41 IST" skipped="0">
  <testcase classname="SeleniumTest" name="teststeps" time="2.880"/>
</testsuite> <!-- SeleniumTest -->
